This file contains any messages produced by compilers while
running configure, to aid debugging if configure makes a mistake.

It was created by configure, which was
generated by GNU Autoconf 2.59.  Invocation command line was

  $ ./configure 

## --------- ##
## Platform. ##
## --------- ##

hostname = ubuntu
uname -m = i686
uname -r = 2.6.32-24-generic-pae
uname -s = Linux
uname -v = #43-Ubuntu SMP Thu Sep 16 15:30:27 UTC 2010

/usr/bin/uname -p = unknown
/bin/uname -X     = unknown

/bin/arch              = unknown
/usr/bin/arch -k       = unknown
/usr/convex/getsysinfo = unknown
hostinfo               = unknown
/bin/machine           = unknown
/usr/bin/oslevel       = unknown
/bin/universe          = unknown

PATH: /usr/local/sbin
PATH: /usr/local/bin
PATH: /usr/sbin
PATH: /usr/bin
PATH: /sbin
PATH: /bin
PATH: /usr/games
PATH: /opt/mipseltools-gcc412-glibc261/bin


## ----------- ##
## Core tests. ##
## ----------- ##

configure:1289: checking for a BSD-compatible install
configure:1344: result: /usr/bin/install -c
configure:1355: checking whether build environment is sane
configure:1398: result: yes
configure:1413: checking whether make sets $(MAKE)
configure:1433: result: yes
configure:1465: checking for working aclocal-1.4
configure:1476: result: missing
configure:1480: checking for working autoconf
configure:1487: result: found
configure:1495: checking for working automake-1.4
configure:1506: result: missing
configure:1510: checking for working autoheader
configure:1517: result: found
configure:1525: checking for working makeinfo
configure:1536: result: missing
configure:1587: checking for gcc
configure:1603: found /usr/bin/gcc
configure:1613: result: gcc
configure:1857: checking for C compiler version
configure:1860: gcc --version </dev/null >&5
gcc (Ubuntu 4.4.3-4ubuntu5) 4.4.3
Copyright (C) 2009 Free Software Foundation, Inc.
This is free software; see the source for copying conditions.  There is NO
warranty; not even for MERCHANTABILITY or FITNESS FOR A PARTICULAR PURPOSE.

configure:1863: $? = 0
configure:1865: gcc -v </dev/null >&5
Using built-in specs.
Target: i486-linux-gnu
Configured with: ../src/configure -v --with-pkgversion='Ubuntu 4.4.3-4ubuntu5' --with-bugurl=file:///usr/share/doc/gcc-4.4/README.Bugs --enable-languages=c,c++,fortran,objc,obj-c++ --prefix=/usr --enable-shared --enable-multiarch --enable-linker-build-id --with-system-zlib --libexecdir=/usr/lib --without-included-gettext --enable-threads=posix --with-gxx-include-dir=/usr/include/c++/4.4 --program-suffix=-4.4 --enable-nls --enable-clocale=gnu --enable-libstdcxx-debug --enable-plugin --enable-objc-gc --enable-targets=all --disable-werror --with-arch-32=i486 --with-tune=generic --enable-checking=release --build=i486-linux-gnu --host=i486-linux-gnu --target=i486-linux-gnu
Thread model: posix
gcc version 4.4.3 (Ubuntu 4.4.3-4ubuntu5) 
configure:1868: $? = 0
configure:1870: gcc -V </dev/null >&5
gcc: '-V' option must have argument
configure:1873: $? = 1
configure:1896: checking for C compiler default output file name
configure:1899: gcc    conftest.c  >&5
configure:1902: $? = 0
configure:1948: result: a.out
configure:1953: checking whether the C compiler works
configure:1959: ./a.out
configure:1962: $? = 0
configure:1979: result: yes
configure:1986: checking whether we are cross compiling
configure:1988: result: no
configure:1991: checking for suffix of executables
configure:1993: gcc -o conftest    conftest.c  >&5
configure:1996: $? = 0
configure:2021: result: 
configure:2027: checking for suffix of object files
configure:2048: gcc -c   conftest.c >&5
configure:2051: $? = 0
configure:2073: result: o
configure:2077: checking whether we are using the GNU C compiler
configure:2101: gcc -c   conftest.c >&5
configure:2107: $? = 0
configure:2110: test -z 			 || test ! -s conftest.err
configure:2113: $? = 0
configure:2116: test -s conftest.o
configure:2119: $? = 0
configure:2132: result: yes
configure:2138: checking whether gcc accepts -g
configure:2159: gcc -c -g  conftest.c >&5
configure:2165: $? = 0
configure:2168: test -z 			 || test ! -s conftest.err
configure:2171: $? = 0
configure:2174: test -s conftest.o
configure:2177: $? = 0
configure:2188: result: yes
configure:2205: checking for gcc option to accept ANSI C
configure:2275: gcc  -c -g -O2  conftest.c >&5
configure:2281: $? = 0
configure:2284: test -z 			 || test ! -s conftest.err
configure:2287: $? = 0
configure:2290: test -s conftest.o
configure:2293: $? = 0
configure:2311: result: none needed
configure:2329: gcc -c -g -O2  conftest.c >&5
conftest.c:2: error: expected '=', ',', ';', 'asm' or '__attribute__' before 'me'
configure:2335: $? = 1
configure: failed program was:
| #ifndef __cplusplus
|   choke me
| #endif
configure:2478: checking for a BSD-compatible install
configure:2533: result: /usr/bin/install -c
configure:2671: creating ./config.status

## ---------------------- ##
## Running config.status. ##
## ---------------------- ##

This file was extended by config.status, which was
generated by GNU Autoconf 2.59.  Invocation command line was

  CONFIG_FILES    = 
  CONFIG_HEADERS  = 
  CONFIG_LINKS    = 
  CONFIG_COMMANDS = 
  $ ./config.status 

on ubuntu

config.status:686: creating Makefile

## ---------------- ##
## Cache variables. ##
## ---------------- ##

ac_cv_c_compiler_gnu=yes
ac_cv_env_CC_set=
ac_cv_env_CC_value=
ac_cv_env_CFLAGS_set=
ac_cv_env_CFLAGS_value=
ac_cv_env_CPPFLAGS_set=
ac_cv_env_CPPFLAGS_value=
ac_cv_env_LDFLAGS_set=
ac_cv_env_LDFLAGS_value=
ac_cv_env_build_alias_set=
ac_cv_env_build_alias_value=
ac_cv_env_host_alias_set=
ac_cv_env_host_alias_value=
ac_cv_env_target_alias_set=
ac_cv_env_target_alias_value=
ac_cv_exeext=
ac_cv_objext=o
ac_cv_path_install='/usr/bin/install -c'
ac_cv_prog_ac_ct_CC=gcc
ac_cv_prog_cc_g=yes
ac_cv_prog_cc_stdc=
ac_cv_prog_make_make_set=yes

## ----------------- ##
## Output variables. ##
## ----------------- ##

ACLOCAL='/home/tjiang/workdir/filesystem/genext2fs-1.4rc1/missing aclocal-1.4'
AUTOCONF='autoconf'
AUTOHEADER='autoheader'
AUTOMAKE='/home/tjiang/workdir/filesystem/genext2fs-1.4rc1/missing automake-1.4'
CC='gcc'
CFLAGS='-g -O2'
CPPFLAGS=''
DEFS='-DPACKAGE_NAME=\"\" -DPACKAGE_TARNAME=\"\" -DPACKAGE_VERSION=\"\" -DPACKAGE_STRING=\"\" -DPACKAGE_BUGREPORT=\"\" -DPACKAGE=\"genext2fs\" -DVERSION=\"1.4rc1\" '
ECHO_C=''
ECHO_N='-n'
ECHO_T=''
EXEEXT=''
INSTALL_DATA='${INSTALL} -m 644'
INSTALL_PROGRAM='${INSTALL}'
INSTALL_SCRIPT='${INSTALL}'
LDFLAGS=''
LIBOBJS=''
LIBS=''
LTLIBOBJS=''
MAKEINFO='/home/tjiang/workdir/filesystem/genext2fs-1.4rc1/missing makeinfo'
OBJEXT='o'
PACKAGE='genext2fs'
PACKAGE_BUGREPORT=''
PACKAGE_NAME=''
PACKAGE_STRING=''
PACKAGE_TARNAME=''
PACKAGE_VERSION=''
PATH_SEPARATOR=':'
SET_MAKE=''
SHELL='/bin/bash'
VERSION='1.4rc1'
ac_ct_CC='gcc'
bindir='${exec_prefix}/bin'
build_alias=''
datadir='${prefix}/share'
exec_prefix='${prefix}'
host_alias=''
includedir='${prefix}/include'
infodir='${prefix}/info'
libdir='${exec_prefix}/lib'
libexecdir='${exec_prefix}/libexec'
localstatedir='${prefix}/var'
mandir='${prefix}/man'
oldincludedir='/usr/include'
prefix='/usr/local'
program_transform_name='s,x,x,'
sbindir='${exec_prefix}/sbin'
sharedstatedir='${prefix}/com'
sysconfdir='${prefix}/etc'
target_alias=''

## ----------- ##
## confdefs.h. ##
## ----------- ##

#define PACKAGE "genext2fs"
#define PACKAGE_BUGREPORT ""
#define PACKAGE_NAME ""
#define PACKAGE_STRING ""
#define PACKAGE_TARNAME ""
#define PACKAGE_VERSION ""
#define VERSION "1.4rc1"

configure: exit 0
